<?xml version="1.0" encoding="UTF-8"?>
<testng-results ignored="0" total="1" passed="1" failed="0" skipped="0">
  <reporter-output>
  </reporter-output>
  <suite started-at="2022-12-22T20:23:19 IST" name="Default suite" finished-at="2022-12-22T20:23:20 IST" duration-ms="949">
    <groups>
    </groups>
    <test started-at="2022-12-22T20:23:19 IST" name="Default test" finished-at="2022-12-22T20:23:20 IST" duration-ms="949">
      <class name="pracPac.ExtentReportPrac">
        <test-method signature="extentTest()[pri:0, instance:pracPac.ExtentReportPrac@3d5c822d]" started-at="2022-12-22T20:23:19 IST" name="extentTest" finished-at="2022-12-22T20:23:20 IST" duration-ms="910" status="PASS">
          <reporter-output>
          </reporter-output>
        </test-method> <!-- extentTest -->
      </class> <!-- pracPac.ExtentReportPrac -->
    </test> <!-- Default test -->
  </suite> <!-- Default suite -->
</testng-results>
